{"uid":"639a8f3519895146","name":"Valid login with correct credentials","fullName":"com.automation.ui.LoginTest.testValidLogin","historyId":"b7fe3e0af16b9c31fd9b2da742c58004","time":{"start":1772269532707,"stop":1772269545144,"duration":12437},"status":"failed","statusMessage":"[Home page should be displayed after login] \r\nExpecting value to be true but was false","statusTrace":"java.lang.AssertionError: [Home page should be displayed after login] \r\nExpecting value to be true but was false\r\n\tat com.automation.ui.LoginTest.testValidLogin(LoginTest.java:36)\r\n\tat java.base/jdk.internal.reflect.DirectMethodHandleAccessor.invoke(DirectMethodHandleAccessor.java:103)\r\n\tat java.base/java.lang.reflect.Method.invoke(Method.java:580)\r\n\tat org.testng.internal.invokers.MethodInvocationHelper.invokeMethod(MethodInvocationHelper.java:141)\r\n\tat org.testng.internal.invokers.TestInvoker.invokeMethod(TestInvoker.java:697)\r\n\tat org.testng.internal.invokers.TestInvoker.invokeTestMethod(TestInvoker.java:230)\r\n\tat org.testng.internal.invokers.MethodRunner.runInSequence(MethodRunner.java:63)\r\n\tat org.testng.internal.invokers.TestInvoker$MethodInvocationAgent.invoke(TestInvoker.java:1005)\r\n\tat org.testng.internal.invokers.TestInvoker.invokeTestMethods(TestInvoker.java:203)\r\n\tat org.testng.internal.invokers.TestMethodWorker.invokeTestMethods(TestMethodWorker.java:154)\r\n\tat org.testng.internal.invokers.TestMethodWorker.run(TestMethodWorker.java:134)\r\n\tat java.base/java.util.ArrayList.forEach(ArrayList.java:1596)\r\n\tat org.testng.TestRunner.privateRun(TestRunner.java:744)\r\n\tat org.testng.TestRunner.run(TestRunner.java:616)\r\n\tat org.testng.SuiteRunner.runTest(SuiteRunner.java:421)\r\n\tat org.testng.SuiteRunner.runSequentially(SuiteRunner.java:413)\r\n\tat org.testng.SuiteRunner.privateRun(SuiteRunner.java:373)\r\n\tat org.testng.SuiteRunner.run(SuiteRunner.java:312)\r\n\tat org.testng.SuiteRunnerWorker.runSuite(SuiteRunnerWorker.java:52)\r\n\tat org.testng.SuiteRunnerWorker.run(SuiteRunnerWorker.java:95)\r\n\tat org.testng.TestNG.runSuitesSequentially(TestNG.java:1274)\r\n\tat org.testng.TestNG.runSuitesLocally(TestNG.java:1208)\r\n\tat org.testng.TestNG.runSuites(TestNG.java:1112)\r\n\tat org.testng.TestNG.run(TestNG.java:1079)\r\n\tat org.apache.maven.surefire.testng.TestNGExecutor.run(TestNGExecutor.java:155)\r\n\tat org.apache.maven.surefire.testng.TestNGDirectoryTestSuite.executeSingleClass(TestNGDirectoryTestSuite.java:102)\r\n\tat org.apache.maven.surefire.testng.TestNGDirectoryTestSuite.execute(TestNGDirectoryTestSuite.java:91)\r\n\tat org.apache.maven.surefire.testng.TestNGProvider.invoke(TestNGProvider.java:137)\r\n\tat org.apache.maven.surefire.booter.ForkedBooter.runSuitesInProcess(ForkedBooter.java:385)\r\n\tat org.apache.maven.surefire.booter.ForkedBooter.execute(ForkedBooter.java:162)\r\n\tat org.apache.maven.surefire.booter.ForkedBooter.run(ForkedBooter.java:507)\r\n\tat org.apache.maven.surefire.booter.ForkedBooter.main(ForkedBooter.java:495)\r\n","flaky":false,"newFailed":false,"newBroken":false,"newPassed":false,"retriesCount":9,"retriesStatusChange":false,"beforeStages":[{"name":"setUp","time":{"start":1772269530789,"stop":1772269531533,"duration":744},"description":"","status":"passed","steps":[],"attachments":[],"parameters":[],"attachmentsCount":0,"shouldDisplayMessage":false,"hasContent":false,"stepsCount":0,"attachmentStep":false},{"name":"initPage","time":{"start":1772269531534,"stop":1772269532702,"duration":1168},"description":"","status":"passed","steps":[{"name":"Navigate to login page","time":{"start":1772269531535,"stop":1772269532702,"duration":1167},"status":"passed","steps":[],"attachments":[],"parameters":[{"name":"url","value":"https://admin-dev.burgershop.io"}],"attachmentsCount":0,"shouldDisplayMessage":false,"hasContent":true,"stepsCount":0,"attachmentStep":false}],"attachments":[],"parameters":[],"attachmentsCount":0,"shouldDisplayMessage":false,"hasContent":true,"stepsCount":1,"attachmentStep":false}],"testStage":{"status":"failed","statusMessage":"[Home page should be displayed after login] \r\nExpecting value to be true but was false","statusTrace":"java.lang.AssertionError: [Home page should be displayed after login] \r\nExpecting value to be true but was false\r\n\tat com.automation.ui.LoginTest.testValidLogin(LoginTest.java:36)\r\n\tat java.base/jdk.internal.reflect.DirectMethodHandleAccessor.invoke(DirectMethodHandleAccessor.java:103)\r\n\tat java.base/java.lang.reflect.Method.invoke(Method.java:580)\r\n\tat org.testng.internal.invokers.MethodInvocationHelper.invokeMethod(MethodInvocationHelper.java:141)\r\n\tat org.testng.internal.invokers.TestInvoker.invokeMethod(TestInvoker.java:697)\r\n\tat org.testng.internal.invokers.TestInvoker.invokeTestMethod(TestInvoker.java:230)\r\n\tat org.testng.internal.invokers.MethodRunner.runInSequence(MethodRunner.java:63)\r\n\tat org.testng.internal.invokers.TestInvoker$MethodInvocationAgent.invoke(TestInvoker.java:1005)\r\n\tat org.testng.internal.invokers.TestInvoker.invokeTestMethods(TestInvoker.java:203)\r\n\tat org.testng.internal.invokers.TestMethodWorker.invokeTestMethods(TestMethodWorker.java:154)\r\n\tat org.testng.internal.invokers.TestMethodWorker.run(TestMethodWorker.java:134)\r\n\tat java.base/java.util.ArrayList.forEach(ArrayList.java:1596)\r\n\tat org.testng.TestRunner.privateRun(TestRunner.java:744)\r\n\tat org.testng.TestRunner.run(TestRunner.java:616)\r\n\tat org.testng.SuiteRunner.runTest(SuiteRunner.java:421)\r\n\tat org.testng.SuiteRunner.runSequentially(SuiteRunner.java:413)\r\n\tat org.testng.SuiteRunner.privateRun(SuiteRunner.java:373)\r\n\tat org.testng.SuiteRunner.run(SuiteRunner.java:312)\r\n\tat org.testng.SuiteRunnerWorker.runSuite(SuiteRunnerWorker.java:52)\r\n\tat org.testng.SuiteRunnerWorker.run(SuiteRunnerWorker.java:95)\r\n\tat org.testng.TestNG.runSuitesSequentially(TestNG.java:1274)\r\n\tat org.testng.TestNG.runSuitesLocally(TestNG.java:1208)\r\n\tat org.testng.TestNG.runSuites(TestNG.java:1112)\r\n\tat org.testng.TestNG.run(TestNG.java:1079)\r\n\tat org.apache.maven.surefire.testng.TestNGExecutor.run(TestNGExecutor.java:155)\r\n\tat org.apache.maven.surefire.testng.TestNGDirectoryTestSuite.executeSingleClass(TestNGDirectoryTestSuite.java:102)\r\n\tat org.apache.maven.surefire.testng.TestNGDirectoryTestSuite.execute(TestNGDirectoryTestSuite.java:91)\r\n\tat org.apache.maven.surefire.testng.TestNGProvider.invoke(TestNGProvider.java:137)\r\n\tat org.apache.maven.surefire.booter.ForkedBooter.runSuitesInProcess(ForkedBooter.java:385)\r\n\tat org.apache.maven.surefire.booter.ForkedBooter.execute(ForkedBooter.java:162)\r\n\tat org.apache.maven.surefire.booter.ForkedBooter.run(ForkedBooter.java:507)\r\n\tat org.apache.maven.surefire.booter.ForkedBooter.main(ForkedBooter.java:495)\r\n","steps":[{"name":"Login with email: namvh@leadsgen.asia","time":{"start":1772269532708,"stop":1772269534149,"duration":1441},"status":"passed","steps":[{"name":"Enter email: namvh@leadsgen.asia","time":{"start":1772269532708,"stop":1772269533351,"duration":643},"status":"passed","steps":[],"attachments":[],"parameters":[{"name":"email","value":"namvh@leadsgen.asia"}],"attachmentsCount":0,"shouldDisplayMessage":false,"hasContent":true,"stepsCount":0,"attachmentStep":false},{"name":"Click Login button","time":{"start":1772269533351,"stop":1772269533450,"duration":99},"status":"passed","steps":[],"attachments":[],"parameters":[],"attachmentsCount":0,"shouldDisplayMessage":false,"hasContent":false,"stepsCount":0,"attachmentStep":false},{"name":"Enter password","time":{"start":1772269533450,"stop":1772269534066,"duration":616},"status":"passed","steps":[],"attachments":[],"parameters":[{"name":"password","value":"2408122001Nam@"}],"attachmentsCount":0,"shouldDisplayMessage":false,"hasContent":true,"stepsCount":0,"attachmentStep":false},{"name":"Click Continue button","time":{"start":1772269534066,"stop":1772269534149,"duration":83},"status":"passed","steps":[],"attachments":[],"parameters":[],"attachmentsCount":0,"shouldDisplayMessage":false,"hasContent":false,"stepsCount":0,"attachmentStep":false}],"attachments":[],"parameters":[{"name":"email","value":"namvh@leadsgen.asia"},{"name":"password","value":"2408122001Nam@"}],"attachmentsCount":0,"shouldDisplayMessage":false,"hasContent":true,"stepsCount":4,"attachmentStep":false},{"name":"Check if home page is displayed after login","time":{"start":1772269534150,"stop":1772269545134,"duration":10984},"status":"passed","steps":[],"attachments":[],"parameters":[],"attachmentsCount":0,"shouldDisplayMessage":false,"hasContent":false,"stepsCount":0,"attachmentStep":false}],"attachments":[],"parameters":[],"attachmentsCount":0,"shouldDisplayMessage":true,"hasContent":true,"stepsCount":6,"attachmentStep":false},"afterStages":[{"name":"tearDown","time":{"start":1772269545151,"stop":1772269545314,"duration":163},"description":"","status":"passed","steps":[],"attachments":[],"parameters":[],"attachmentsCount":0,"shouldDisplayMessage":false,"hasContent":false,"stepsCount":0,"attachmentStep":false}],"labels":[{"name":"package","value":"com.automation.ui.LoginTest"},{"name":"testClass","value":"com.automation.ui.LoginTest"},{"name":"testMethod","value":"testValidLogin"},{"name":"parentSuite","value":"Surefire suite"},{"name":"suite","value":"Surefire test"},{"name":"subSuite","value":"com.automation.ui.LoginTest"},{"name":"host","value":"DESKTOP-52H6HS0"},{"name":"thread","value":"17120@DESKTOP-52H6HS0.main(1)"},{"name":"framework","value":"testng"},{"name":"language","value":"java"},{"name":"story","value":"User can login with valid credentials"},{"name":"epic","value":"UI Tests"},{"name":"feature","value":"Login"},{"name":"severity","value":"blocker"},{"name":"resultFormat","value":"allure2"}],"parameters":[],"links":[],"hidden":false,"retry":false,"extra":{"severity":"blocker","retries":[{"uid":"ade251645f2d901c","status":"failed","statusDetails":"[Home page should be displayed after login] \r\nExpecting value to be true but was false","time":{"start":1772269278789,"stop":1772269291281,"duration":12492}},{"uid":"8ffc58c1b820dcff","status":"failed","statusDetails":"[Home page should be displayed after login] \r\nExpecting value to be true but was false","time":{"start":1772269058660,"stop":1772269070965,"duration":12305}},{"uid":"1d990a0e224efa43","status":"failed","statusDetails":"[Home page should be displayed after login] \r\nExpecting value to be true but was false","time":{"start":1772267563280,"stop":1772267575459,"duration":12179}},{"uid":"a686b763d28e3e50","status":"failed","statusDetails":"[Home page should be displayed after login] \r\nExpecting value to be true but was false","time":{"start":1772267264301,"stop":1772267276657,"duration":12356}},{"uid":"f579f5c4d9d36fe4","status":"failed","statusDetails":"[Home page should be displayed after login] \r\nExpecting value to be true but was false","time":{"start":1772266731556,"stop":1772266744118,"duration":12562}},{"uid":"6d43431b3a776818","status":"failed","statusDetails":"[Home page should be displayed after login] \r\nExpecting value to be true but was false","time":{"start":1772266664751,"stop":1772266676784,"duration":12033}},{"uid":"886a0b98c04af406","status":"failed","statusDetails":"[Home page should be displayed after login] \r\nExpecting value to be true but was false","time":{"start":1772266579699,"stop":1772266592287,"duration":12588}},{"uid":"a026bb98ca402fae","status":"failed","statusDetails":"[Home page should be displayed after login] \r\nExpecting value to be true but was false","time":{"start":1772265523955,"stop":1772265536394,"duration":12439}},{"uid":"ce923fb5793014aa","status":"failed","statusDetails":"[Home page should be displayed after login] \r\nExpecting value to be true but was false","time":{"start":1772264919706,"stop":1772264931969,"duration":12263}}],"categories":[{"name":"Product defects","matchedStatuses":[]}],"tags":[]},"source":"639a8f3519895146.json","parameterValues":[]}